Arguments: 
  C:\Program Files\nodejs\node.exe C:\Users\Taavi Martoja\AppData\Roaming\npm\node_modules\yarn\bin\yarn.js start

PATH: 
  C:\Python38\Scripts\;C:\Python38\;C:\Program Files\NVIDIA GPU Computing Toolkit\CUDA\v10.1\bin;C:\Program Files\NVIDIA GPU Computing Toolkit\CUDA\v10.1\libnvvp;;C:\ProgramData\Oracle\Java\javapath;C:\Program Files (x86)\Intel\iCLS Client\;C:\Program Files\Intel\iCLS Client\;C:\Windows\system32;C:\Windows;C:\Windows\System32\Wbem;C:\Windows\System32\WindowsPowerShell\v1.0\;C:\Program Files (x86)\NVIDIA Corporation\PhysX\Common;C:\Program Files (x86)\Intel\Intel(R) Management Engine Components\DAL;C:\Program Files\Intel\Intel(R) Management Engine Components\DAL;C:\Program Files (x86)\Intel\Intel(R) Management Engine Components\IPT;C:\Program Files\Intel\Intel(R) Management Engine Components\IPT;C:\Program Files\Intel\WiFi\bin\;C:\Program Files\Common Files\Intel\WirelessCommon\;C:\WINDOWS\system32;C:\WINDOWS;C:\WINDOWS\System32\Wbem;C:\WINDOWS\System32\WindowsPowerShell\v1.0\;D:\Brackets\command;C:\Program Files (x86)\PuTTY\;C:\Program Files\dotnet\;C:\Program Files\Microsoft SQL Server\130\Tools\Binn\;C:\Program Files\Java\jdk1.8.0_144\bin;C:\WINDOWS\System32\OpenSSH\;D:\apache-maven-3.5.4-bin\apache-maven-3.5.4\bin;C:\Users\Taavi Martoja\AppData\Local\Programs\Python\Python36-32;C:\Program Files\NVIDIA GPU Computing Toolkit\CUDA\v9.0\bin;C:\Program Files (x86)\IDEMIA\AWP\Dlls;C:\Program Files\IDEMIA\AWP\Dlls;C:\Program Files\Git\cmd;C:\WINDOWS\system32;C:\WINDOWS;C:\WINDOWS\System32\Wbem;C:\WINDOWS\System32\WindowsPowerShell\v1.0\;C:\WINDOWS\System32\OpenSSH\;C:\Program Files\CMake\bin;C:\Program Files\Microsoft SQL Server\Client SDK\ODBC\170\Tools\Binn\;C:\Program Files\nodejs\;C:\ProgramData\chocolatey\bin;C:\Users\Taavi Martoja\AppData\Local\Programs\Python\Python37\Scripts\;C:\Users\Taavi Martoja\AppData\Local\Programs\Python\Python37\;D:\Gradle\gradle-4.5.1\bin;C:\Users\Taavi Martoja\AppData\Local\Microsoft\WindowsApps;C:\Users\Taavi Martoja\AppData\Local\GitHubDesktop\bin;C:\Users\Taavi Martoja\AppData\Local\Microsoft\WindowsApps;C:\Program Files\Docker Toolbox;C:\Program Files (x86)\SSH Communications Security\SSH Secure Shell;C:\Users\Taavi Martoja\AppData\Local\Google\Cloud SDK\google-cloud-sdk\bin;C:\Program Files\Java\Uus kaust\jdk-13.0.1\bin;D:\ffmpeg-20191106-fc7b6d5-win64-static\bin;C:\Users\Taavi Martoja\AppData\Roaming\npm;C:\Program Files\nodejs\;

Yarn version: 
  1.5.1

Node version: 
  12.18.2

Platform: 
  win32 x64

npm manifest: 
  No manifest

yarn manifest: 
  No manifest

Lockfile: 
  No lockfile

Trace: 
  Error: Couldn't find a package.json file in "D:\\ServiceDesk"
      at new MessageError (C:\Users\Taavi Martoja\AppData\Roaming\npm\node_modules\yarn\lib\cli.js:186:110)
      at C:\Users\Taavi Martoja\AppData\Roaming\npm\node_modules\yarn\lib\cli.js:40048:15
      at Generator.next (<anonymous>)
      at step (C:\Users\Taavi Martoja\AppData\Roaming\npm\node_modules\yarn\lib\cli.js:98:30)
      at C:\Users\Taavi Martoja\AppData\Roaming\npm\node_modules\yarn\lib\cli.js:109:13
